#
# There is insufficient memory for the Java Runtime Environment to continue.
# Native memory allocation (mmap) failed to map 134217728 bytes for Failed to commit area from 0x0000000081600000 to 0x0000000089600000 of length 134217728.
# Possible reasons:
#   The system is out of physical RAM or swap space
#   The process is running with CompressedOops enabled, and the Java Heap may be blocking the growth of the native heap
# Possible solutions:
#   Reduce memory load on the system
#   Increase physical memory or swap space
#   Check if swap backing store is full
#   Decrease Java heap size (-Xmx/-Xms)
#   Decrease number of Java threads
#   Decrease Java thread stack sizes (-Xss)
#   Set larger code cache with -XX:ReservedCodeCacheSize=
# This output file may be truncated or incomplete.
#
#  Out of Memory Error (t:/workspace/open/src/hotspot/os/windows/os_windows.cpp:3269), pid=13388, tid=19152
#
# JRE version:  (11.0.2+9) (build )
# Java VM: Java HotSpot(TM) 64-Bit Server VM (11.0.2+9-LTS, mixed mode, aot, sharing, tiered, compressed oops, g1 gc, windows-amd64)
# No core dump will be written. Minidumps are not enabled by default on client versions of Windows
#

---------------  S U M M A R Y ------------

Command Line: -Dcom.sun.management.jmxremote -Dcom.sun.management.jmxremote.port=55921 -Dcom.sun.management.jmxremote.authenticate=false -Dcom.sun.management.jmxremote.ssl=false -Djava.rmi.server.hostname=localhost -Dspring.jmx.enabled=true -Dspring.application.admin.enabled=true -XX:TieredStopAtLevel=1 -Dspring.boot.project.name=BookStore -Dfile.encoding=UTF-8 com.bookStore.BookStoreApplication

Host: Intel(R) Core(TM) i5-8250U CPU @ 1.60GHz, 8 cores, 7G,  Windows 10 , 64 bit Build 19041 (10.0.19041.1023)
Time: Thu Jul 15 18:18:41 2021 India Standard Time elapsed time: 0 seconds (0d 0h 0m 0s)

---------------  T H R E A D  ---------------

Current thread (0x000001f3ceabc000):  JavaThread "Unknown thread" [_thread_in_vm, id=19152, stack(0x0000002312400000,0x0000002312500000)]

Stack: [0x0000002312400000,0x0000002312500000]
Native frames: (J=compiled Java code, j=interpreted, Vv=VM code, C=native code)
V  [jvm.dll+0x63574a]
V  [jvm.dll+0x77326f]
V  [jvm.dll+0x77491a]
V  [jvm.dll+0x774fd3]
V  [jvm.dll+0x25e418]
V  [jvm.dll+0x632c0a]
V  [jvm.dll+0x627645]
V  [jvm.dll+0x314e7c]
V  [jvm.dll+0x314d02]
V  [jvm.dll+0x31a576]
V  [jvm.dll+0x36635f]
V  [jvm.dll+0x365d80]
V  [jvm.dll+0x2f19f8]
V  [jvm.dll+0x2f2b56]
V  [jvm.dll+0x74c817]
V  [jvm.dll+0x74df5f]
V  [jvm.dll+0x373179]
V  [jvm.dll+0x732eb9]
V  [jvm.dll+0x3e295d]
V  [jvm.dll+0x3e4c61]
C  [javaw.exe+0x3617]
C  [javaw.exe+0x17e2c]
C  [KERNEL32.DLL+0x17034]
C  [ntdll.dll+0x52651]


---------------  P R O C E S S  ---------------

Threads class SMR info:
_java_thread_list=0x000001f3cc936720, length=0, elements={
}

Java Threads: ( => current thread )

Other Threads:
  0x000001f3cead2800 GCTaskThread "GC Thread#0" [stack: 0x0000002312500000,0x0000002312600000] [id=17964]
  0x000001f3ceb03800 ConcurrentGCThread "G1 Main Marker" [stack: 0x0000002312600000,0x0000002312700000] [id=20544]
  0x000001f3ceb06000 ConcurrentGCThread "G1 Conc#0" [stack: 0x0000002312700000,0x0000002312800000] [id=10804]

[error occurred during error reporting (printing all threads), id 0xc0000005, EXCEPTION_ACCESS_VIOLATION (0xc0000005) at pc=0x00007ffdb3740197]

VM state:not at safepoint (not fully initialized)

VM Mutex/Monitor currently owned by a thread:  ([mutex/lock_event])
[0x000001f3ceaba240] Heap_lock - owner thread: 0x000001f3ceabc000

Heap address: 0x0000000081600000, size: 2026 MB, Compressed Oops mode: Non-zero based: 0x0000000081600000
Narrow klass base: 0x0000000000000000, Narrow klass shift: 0

GC Heap History (0 events):
No events

Deoptimization events (0 events):
No events

Classes redefined (0 events):
No events

Internal exceptions (0 events):
No events

Events (0 events):
No events


Dynamic libraries:
0x00007ff6fe3f0000 - 0x00007ff6fe437000 	C:\Program Files\Java\jdk-11.0.2\bin\javaw.exe
0x00007ffdf6050000 - 0x00007ffdf6245000 	C:\WINDOWS\SYSTEM32\ntdll.dll
0x00007ffdf4890000 - 0x00007ffdf494d000 	C:\WINDOWS\System32\KERNEL32.DLL
0x00007ffdf3bc0000 - 0x00007ffdf3e89000 	C:\WINDOWS\System32\KERNELBASE.dll
0x00007ffdf5690000 - 0x00007ffdf573c000 	C:\WINDOWS\System32\ADVAPI32.dll
0x00007ffdf52f0000 - 0x00007ffdf538e000 	C:\WINDOWS\System32\msvcrt.dll
0x00007ffdf47f0000 - 0x00007ffdf488b000 	C:\WINDOWS\System32\sechost.dll
0x00007ffdf40c0000 - 0x00007ffdf41ea000 	C:\WINDOWS\System32\RPCRT4.dll
0x00007ffdf49d0000 - 0x00007ffdf4b70000 	C:\WINDOWS\System32\USER32.dll
0x00007ffdf3a90000 - 0x00007ffdf3ab2000 	C:\WINDOWS\System32\win32u.dll
0x00007ffdf5580000 - 0x00007ffdf55aa000 	C:\WINDOWS\System32\GDI32.dll
0x00007ffdf3e90000 - 0x00007ffdf3f9b000 	C:\WINDOWS\System32\gdi32full.dll
0x00007ffdf38f0000 - 0x00007ffdf398d000 	C:\WINDOWS\System32\msvcp_win.dll
0x00007ffdf3990000 - 0x00007ffdf3a90000 	C:\WINDOWS\System32\ucrtbase.dll
0x00007ffdd4340000 - 0x00007ffdd45da000 	C:\WINDOWS\WinSxS\amd64_microsoft.windows.common-controls_6595b64144ccf1df_6.0.19041.1083_none_60bbe31371f34e71\COMCTL32.dll
0x00007ffdeb6f0000 - 0x00007ffdeb6fa000 	C:\WINDOWS\SYSTEM32\VERSION.dll
0x00007ffdf50b0000 - 0x00007ffdf50e0000 	C:\WINDOWS\System32\IMM32.DLL
0x00007ffdcccd0000 - 0x00007ffdccce6000 	C:\Program Files\Java\jdk-11.0.2\bin\vcruntime140.dll
0x00007ffdc08a0000 - 0x00007ffdc094a000 	C:\Program Files\Java\jdk-11.0.2\bin\msvcp140.dll
0x00007ffdb3440000 - 0x00007ffdb3f67000 	C:\Program Files\Java\jdk-11.0.2\bin\server\jvm.dll
0x00007ffdf5680000 - 0x00007ffdf5688000 	C:\WINDOWS\System32\PSAPI.DLL
0x00007ffddfbd0000 - 0x00007ffddfbf7000 	C:\WINDOWS\SYSTEM32\WINMM.dll
0x00007ffddd160000 - 0x00007ffddd169000 	C:\WINDOWS\SYSTEM32\WSOCK32.dll
0x00007ffdf55b0000 - 0x00007ffdf561b000 	C:\WINDOWS\System32\ws2_32.DLL
0x00007ffdf2010000 - 0x00007ffdf2022000 	C:\WINDOWS\SYSTEM32\kernel.appcore.dll
0x00007ffdcfc90000 - 0x00007ffdcfca1000 	C:\Program Files\Java\jdk-11.0.2\bin\verify.dll
0x00007ffdf1590000 - 0x00007ffdf1774000 	C:\WINDOWS\SYSTEM32\DBGHELP.DLL
0x00007ffdddc20000 - 0x00007ffdddc4c000 	C:\WINDOWS\SYSTEM32\dbgcore.DLL
0x00007ffdf4030000 - 0x00007ffdf40b3000 	C:\WINDOWS\System32\bcryptPrimitives.dll
0x00007ffdb6320000 - 0x00007ffdb6349000 	C:\Program Files\Java\jdk-11.0.2\bin\java.dll
0x00007ffdcfa80000 - 0x00007ffdcfa96000 	C:\Program Files\Java\jdk-11.0.2\bin\zip.dll
0x00007ffde89c0000 - 0x00007ffde89ca000 	C:\Program Files\Java\jdk-11.0.2\bin\jimage.dll

dbghelp: loaded successfully - version: 4.0.5 - missing functions: none
symbol engine: initialized successfully - sym options: 0x614 - pdb path: .;C:\Program Files\Java\jdk-11.0.2\bin;C:\WINDOWS\SYSTEM32;C:\WINDOWS\WinSxS\amd64_microsoft.windows.common-controls_6595b64144ccf1df_6.0.19041.1083_none_60bbe31371f34e71;C:\Program Files\Java\jdk-11.0.2\bin\server

VM Arguments:
jvm_args: -Dcom.sun.management.jmxremote -Dcom.sun.management.jmxremote.port=55921 -Dcom.sun.management.jmxremote.authenticate=false -Dcom.sun.management.jmxremote.ssl=false -Djava.rmi.server.hostname=localhost -Dspring.jmx.enabled=true -Dspring.application.admin.enabled=true -XX:TieredStopAtLevel=1 -Dspring.boot.project.name=BookStore -Dfile.encoding=UTF-8 
java_command: com.bookStore.BookStoreApplication
java_class_path (initial): D:\study\iplDashboard\BookStore\target\classes;C:\Users\suman\.m2\repository\org\springframework\boot\spring-boot-starter-data-jpa\2.5.2\spring-boot-starter-data-jpa-2.5.2.jar;C:\Users\suman\.m2\repository\org\springframework\boot\spring-boot-starter-aop\2.5.2\spring-boot-starter-aop-2.5.2.jar;C:\Users\suman\.m2\repository\org\springframework\spring-aop\5.3.8\spring-aop-5.3.8.jar;C:\Users\suman\.m2\repository\org\aspectj\aspectjweaver\1.9.6\aspectjweaver-1.9.6.jar;C:\Users\suman\.m2\repository\org\springframework\boot\spring-boot-starter-jdbc\2.5.2\spring-boot-starter-jdbc-2.5.2.jar;C:\Users\suman\.m2\repository\com\zaxxer\HikariCP\4.0.3\HikariCP-4.0.3.jar;C:\Users\suman\.m2\repository\org\springframework\spring-jdbc\5.3.8\spring-jdbc-5.3.8.jar;C:\Users\suman\.m2\repository\jakarta\transaction\jakarta.transaction-api\1.3.3\jakarta.transaction-api-1.3.3.jar;C:\Users\suman\.m2\repository\jakarta\persistence\jakarta.persistence-api\2.2.3\jakarta.persistence-api-2.2.3.jar;C:\Users\suman\.m2\repository\org\hibernate\hibernate-core\5.4.32.Final\hibernate-core-5.4.32.Final.jar;C:\Users\suman\.m2\repository\org\jboss\logging\jboss-logging\3.4.2.Final\jboss-logging-3.4.2.Final.jar;C:\Users\suman\.m2\repository\org\javassist\javassist\3.27.0-GA\javassist-3.27.0-GA.jar;C:\Users\suman\.m2\repository\net\bytebuddy\byte-buddy\1.10.22\byte-buddy-1.10.22.jar;C:\Users\suman\.m2\repository\antlr\antlr\2.7.7\antlr-2.7.7.jar;C:\Users\suman\.m2\repository\org\jboss\jandex\2.2.3.Final\jandex-2.2.3.Final.jar;C:\Users\suman\.m2\repository\com\fasterxml\classmate\1.5.1\classmate-1.5.1.jar;C:\Users\suman\.m2\repository\org\dom4j\dom4j\2.1.3\dom4j-2.1.3.jar;C:\Users\suman\.m2\repository\org\hibernate\common\hibernate-commons-annotations\5.1.2.Final\hibernate-commons-annotations-5.1.2.Final.jar;C:\Users\suman\.m2\repository\org\glassfish\jaxb\jaxb-runtime\2.3.4\jaxb-runtime-2.3.4.jar;C:\Users\suman\.m2\repository\org\glassfish\jaxb\txw2\2.3.4\txw2-2.3.4.jar;C:\User
Launcher Type: SUN_STANDARD

[Global flags]
     intx CICompilerCount                          = 4                                         {product} {ergonomic}
     uint ConcGCThreads                            = 2                                         {product} {ergonomic}
     uint G1ConcRefinementThreads                  = 8                                         {product} {ergonomic}
   size_t G1HeapRegionSize                         = 1048576                                   {product} {ergonomic}
    uintx GCDrainStackTargetSize                   = 64                                        {product} {ergonomic}
   size_t InitialHeapSize                          = 134217728                                 {product} {ergonomic}
     bool ManagementServer                         = true                                      {product} {command line}
   size_t MarkStackSize                            = 4194304                                   {product} {ergonomic}
   size_t MaxHeapSize                              = 2124414976                                {product} {ergonomic}
   size_t MinHeapDeltaBytes                        = 1048576                                   {product} {ergonomic}
    uintx NonNMethodCodeHeapSize                   = 7549744                                {pd product} {ergonomic}
    uintx NonProfiledCodeHeapSize                  = 244108496                              {pd product} {ergonomic}
    uintx ProfiledCodeHeapSize                     = 0                                      {pd product} {ergonomic}
    uintx ReservedCodeCacheSize                    = 251658240                              {pd product} {ergonomic}
     bool SegmentedCodeCache                       = true                                      {product} {ergonomic}
     intx TieredStopAtLevel                        = 1                                         {product} {command line}
     bool UseCompressedClassPointers               = true                                 {lp64_product} {ergonomic}
     bool UseCompressedOops                        = true                                 {lp64_product} {ergonomic}
     bool UseG1GC                                  = true                                      {product} {ergonomic}
     bool UseLargePagesIndividualAllocation        = false                                  {pd product} {ergonomic}

Logging:
Log output configuration:
 #0: stdout all=warning uptime,level,tags
 #1: stderr all=off uptime,level,tags

Environment Variables:
JAVA_HOME=C:\Program Files\Java\jdk-9.0.4
PATH=C:/Program Files/Java/jdk-11.0.2/bin/server;C:/Program Files/Java/jdk-11.0.2/bin;C:\Program Files (x86)\Intel\Intel(R) Management Engine Components\iCLS\;C:\Program Files\Intel\Intel(R) Management Engine Components\iCLS\;C:\ProgramData\Oracle\Java\javapath;D:\app\suman\product\12.1.0\dbhome_1\bin;C:\WINDOWS\system32;C:\WINDOWS;C:\WINDOWS\System32\Wbem;C:\WINDOWS\System32\WindowsPowerShell\v1.0\;C:\WINDOWS\System32\OpenSSH\;C:\Program Files (x86)\Intel\Intel(R) Management Engine Components\DAL;C:\Program Files\Intel\Intel(R) Management Engine Components\DAL;C:\Program Files\nodejs\;C:\Program Files\Git\cmd;C:\Program Files\Docker\Docker\resources\bin;C:\ProgramData\DockerDesktop\version-bin;C:\Users\suman\AppData\Local\Microsoft\WindowsApps;C:\Users\suman\AppData\Roaming\npm;C:\Users\suman\AppData\Local\Programs\Microsoft VS Code\bin;C:\Users\suman\AppData\Local\Microsoft\WindowsApps;C:\Users\suman\eclipse\jee-2020-12\eclipse;
USERNAME=suman
OS=Windows_NT
PROCESSOR_IDENTIFIER=Intel64 Family 6 Model 142 Stepping 10, GenuineIntel



---------------  S Y S T E M  ---------------

OS: Windows 10 , 64 bit Build 19041 (10.0.19041.1023)

CPU:total 8 (initial active 8) (4 cores per cpu, 2 threads per core) family 6 model 142 stepping 10, cmov, cx8, fxsr, mmx, sse, sse2, sse3, ssse3, sse4.1, sse4.2, popcnt, avx, avx2, aes, clmul, erms, 3dnowpref, lzcnt, ht, tsc, tscinvbit, bmi1, bmi2, adx, fma

Memory: 4k page, system-wide physical 8101M (298M free)
TotalPageFile size 19323M (AvailPageFile size 57M)
current process WorkingSet (physical memory assigned to process): 9M, peak: 9M
current process commit charge ("private bytes"): 57M, peak: 185M

vm_info: Java HotSpot(TM) 64-Bit Server VM (11.0.2+9-LTS) for windows-amd64 JRE (11.0.2+9-LTS), built on Jan 18 2019 05:24:10 by "mach5one" with MS VC++ 15.5 (VS2017)

END.
